<?xml version="1.0" encoding="UTF-8"?>
<!-- Generated by org.testng.reporters.JUnitXMLReporter -->
<testsuite ignored="0" hostname="ATMECSINDT-088" failures="0" tests="4" name="Default test" time="0.17" errors="0" timestamp="20 Aug 2019 13:50:07 GMT">
  <testcase classname="com.calculator.TestCase" name="add" time="0.016"/>
  <testcase classname="com.calculator.TestCase" name="sub" time="0.016"/>
  <testcase classname="com.calculator.TestCase" name="mul" time="0.005"/>
  <testcase classname="com.calculator.TestCase" name="div" time="0.003"/>
</testsuite> <!-- Default test -->
